[INFO] Scanning for projects...
[INFO] 
[INFO] --------------------------< com.example:demo >--------------------------
[INFO] Building backend 0.0.1-SNAPSHOT
[INFO]   from pom.xml
[INFO] --------------------------------[ jar ]---------------------------------
[INFO] 
[INFO] >>> spring-boot:4.0.5:run (default-cli) > test-compile @ demo >>>
[INFO] 
[INFO] --- resources:3.3.1:resources (default-resources) @ demo ---
[INFO] Copying 1 resource from src\main\resources to target\classes
[INFO] Copying 0 resource from src\main\resources to target\classes
[INFO] 
[INFO] --- compiler:3.14.1:compile (default-compile) @ demo ---
[INFO] Nothing to compile - all classes are up to date.
[INFO] 
[INFO] --- resources:3.3.1:testResources (default-testResources) @ demo ---
[INFO] skip non existing resourceDirectory D:\Spring Boot\ClothStore\backend\src\test\resources
[INFO] 
[INFO] --- compiler:3.14.1:testCompile (default-testCompile) @ demo ---
[INFO] Recompiling the module because of changed source code.
[INFO] Compiling 1 source file with javac [debug parameters release 17] to target\test-classes
[INFO] 
[INFO] <<< spring-boot:4.0.5:run (default-cli) < test-compile @ demo <<<
[INFO] 
[INFO] 
[INFO] --- spring-boot:4.0.5:run (default-cli) @ demo ---
[INFO] Attaching agents: []

  .   ____          _            __ _ _
 /\\ / ___'_ __ _ _(_)_ __  __ _ \ \ \ \
( ( )\___ | '_ | '_| | '_ \/ _` | \ \ \ \
 \\/  ___)| |_)| | | | | || (_| |  ) ) ) )
  '  |____| .__|_| |_|_| |_\__, | / / / /
 =========|_|==============|___/=/_/_/_/

 :: Spring Boot ::                (v4.0.5)

2026-04-04T14:29:47.175+05:30  INFO 1660 --- [backend] [           main] com.example.demo.BackendApplication      : Starting BackendApplication using Java 17.0.16 with PID 1660 (D:\Spring Boot\ClothStore\backend\target\classes started by shiva in D:\Spring Boot\ClothStore\backend)
2026-04-04T14:29:47.197+05:30  INFO 1660 --- [backend] [           main] com.example.demo.BackendApplication      : No active profile set, falling back to 1 default profile: "default"
2026-04-04T14:29:48.204+05:30  INFO 1660 --- [backend] [           main] .s.d.r.c.RepositoryConfigurationDelegate : Bootstrapping Spring Data JPA repositories in DEFAULT mode.
2026-04-04T14:29:48.328+05:30  INFO 1660 --- [backend] [           main] .s.d.r.c.RepositoryConfigurationDelegate : Finished Spring Data repository scanning in 90 ms. Found 8 JPA repository interfaces.
2026-04-04T14:29:49.167+05:30  INFO 1660 --- [backend] [           main] o.s.boot.tomcat.TomcatWebServer          : Tomcat initialized with port 8080 (http)
2026-04-04T14:29:49.200+05:30  INFO 1660 --- [backend] [           main] o.apache.catalina.core.StandardService   : Starting service [Tomcat]
2026-04-04T14:29:49.200+05:30  INFO 1660 --- [backend] [           main] o.apache.catalina.core.StandardEngine    : Starting Servlet engine: [Apache Tomcat/11.0.20]
2026-04-04T14:29:49.289+05:30  INFO 1660 --- [backend] [           main] b.w.c.s.WebApplicationContextInitializer : Root WebApplicationContext: initialization completed in 2008 ms
2026-04-04T14:29:49.557+05:30  INFO 1660 --- [backend] [           main] org.hibernate.orm.jpa                    : HHH008540: Processing PersistenceUnitInfo [name: default]
2026-04-04T14:29:49.650+05:30  INFO 1660 --- [backend] [           main] org.hibernate.orm.core                   : HHH000001: Hibernate ORM core version 7.2.7.Final
2026-04-04T14:29:50.430+05:30  INFO 1660 --- [backend] [           main] o.s.o.j.p.SpringPersistenceUnitInfo      : No LoadTimeWeaver setup: ignoring JPA class transformer
2026-04-04T14:29:50.511+05:30  INFO 1660 --- [backend] [           main] com.zaxxer.hikari.HikariDataSource       : HikariPool-1 - Starting...
2026-04-04T14:29:50.835+05:30  INFO 1660 --- [backend] [           main] com.zaxxer.hikari.pool.HikariPool        : HikariPool-1 - Added connection com.mysql.cj.jdbc.ConnectionImpl@3b2c8bda
2026-04-04T14:29:50.837+05:30  INFO 1660 --- [backend] [           main] com.zaxxer.hikari.HikariDataSource       : HikariPool-1 - Start completed.
2026-04-04T14:29:50.920+05:30  WARN 1660 --- [backend] [           main] org.hibernate.orm.deprecation            : HHH90000025: MySQLDialect does not need to be specified explicitly using 'hibernate.dialect' (remove the property setting and it will be selected by default)
2026-04-04T14:29:50.949+05:30  INFO 1660 --- [backend] [           main] org.hibernate.orm.connections.pooling    : HHH10001005: Database info:
	Database JDBC URL [jdbc:mysql://localhost:3306/clothstore_db?createDatabaseIfNotExist=true&useSSL=false&allowPublicKeyRetrieval=true]
	Database driver: MySQL Connector/J
	Database dialect: MySQLDialect
	Database version: 9.4
	Default catalog/schema: clothstore_db/undefined
	Autocommit mode: undefined/unknown
	Isolation level: REPEATABLE_READ [default REPEATABLE_READ]
	JDBC fetch size: none
	Pool: DataSourceConnectionProvider
	Minimum pool size: undefined/unknown
	Maximum pool size: undefined/unknown
2026-04-04T14:29:52.830+05:30  INFO 1660 --- [backend] [           main] org.hibernate.orm.core                   : HHH000489: No JTA platform available (set 'hibernate.transaction.jta.platform' to enable JTA platform integration)
Hibernate: create table addresses (id bigint not null auto_increment, city varchar(255), full_name varchar(255), state varchar(255), street varchar(255), zip_code varchar(255), user_id bigint, primary key (id)) engine=InnoDB
Hibernate: create table cart_items (id bigint not null auto_increment, color varchar(255), quantity integer, size varchar(255), product_id bigint, user_id bigint, primary key (id)) engine=InnoDB
Hibernate: create table order_items (id bigint not null auto_increment, color varchar(255), price float(53), quantity integer, size varchar(255), order_id bigint, product_id bigint, primary key (id)) engine=InnoDB
Hibernate: create table orders (id bigint not null auto_increment, created_at datetime(6), status varchar(255), total_amount float(53), address_id bigint, user_id bigint, primary key (id)) engine=InnoDB
Hibernate: create table otp_tokens (id bigint not null auto_increment, email varchar(255) not null, expiry_time datetime(6) not null, otp varchar(255) not null, primary key (id)) engine=InnoDB
Hibernate: create table product_colors (product_id bigint not null, color varchar(255)) engine=InnoDB
Hibernate: create table product_images (product_id bigint not null, additional_image_url varchar(255)) engine=InnoDB
Hibernate: create table product_sizes (product_id bigint not null, size varchar(255)) engine=InnoDB
Hibernate: create table products (id bigint not null auto_increment, category varchar(255), description varchar(255), image_url varchar(255), name varchar(255), price float(53), stock integer, primary key (id)) engine=InnoDB
Hibernate: create table users (id bigint not null auto_increment, email varchar(255) not null, full_name varchar(255), password varchar(255), role varchar(255), primary key (id)) engine=InnoDB
Hibernate: create table wishlist_items (id bigint not null auto_increment, product_id bigint, user_id bigint, primary key (id)) engine=InnoDB
Hibernate: alter table users drop index UK6dotkott2kjsp8vw4d0m25fb7
Hibernate: alter table users add constraint UK6dotkott2kjsp8vw4d0m25fb7 unique (email)
Hibernate: alter table addresses add constraint FK1fa36y2oqhao3wgg2rw1pi459 foreign key (user_id) references users (id)
Hibernate: alter table cart_items add constraint FK1re40cjegsfvw58xrkdp6bac6 foreign key (product_id) references products (id)
Hibernate: alter table cart_items add constraint FK709eickf3kc0dujx3ub9i7btf foreign key (user_id) references users (id)
Hibernate: alter table order_items add constraint FKbioxgbv59vetrxe0ejfubep1w foreign key (order_id) references orders (id)
Hibernate: alter table order_items add constraint FKocimc7dtr037rh4ls4l95nlfi foreign key (product_id) references products (id)
Hibernate: alter table orders add constraint FKhlglkvf5i60dv6dn397ethgpt foreign key (address_id) references addresses (id)
Hibernate: alter table orders add constraint FK32ql8ubntj5uh44ph9659tiih foreign key (user_id) references users (id)
Hibernate: alter table product_colors add constraint FKqhu7cqni31911lmvx4fqmiw65 foreign key (product_id) references products (id)
Hibernate: alter table product_images add constraint FKqnq71xsohugpqwf3c9gxmsuy foreign key (product_id) references products (id)
Hibernate: alter table product_sizes add constraint FK4isa0j51hpdn7cx04m831jic4 foreign key (product_id) references products (id)
Hibernate: alter table wishlist_items add constraint FKqxj7lncd242b59fb78rqegyxj foreign key (product_id) references products (id)
Hibernate: alter table wishlist_items add constraint FKmmj2k1i459yu449k3h1vx5abp foreign key (user_id) references users (id)
2026-04-04T14:29:53.772+05:30  INFO 1660 --- [backend] [           main] j.LocalContainerEntityManagerFactoryBean : Initialized JPA EntityManagerFactory for persistence unit 'default'
2026-04-04T14:29:53.899+05:30  INFO 1660 --- [backend] [           main] o.s.d.j.r.query.QueryEnhancerFactories   : Hibernate is in classpath; If applicable, HQL parser will be used.
Hibernate: select count(*) from products p1_0
Hibernate: insert into products (category,description,image_url,name,price,stock) values (?,?,?,?,?,?)
Hibernate: insert into products (category,description,image_url,name,price,stock) values (?,?,?,?,?,?)
Hibernate: insert into products (category,description,image_url,name,price,stock) values (?,?,?,?,?,?)
Hibernate: insert into products (category,description,image_url,name,price,stock) values (?,?,?,?,?,?)
Hibernate: insert into products (category,description,image_url,name,price,stock) values (?,?,?,?,?,?)
Hibernate: insert into products (category,description,image_url,name,price,stock) values (?,?,?,?,?,?)
Hibernate: insert into products (category,description,image_url,name,price,stock) values (?,?,?,?,?,?)
Hibernate: insert into products (category,description,image_url,name,price,stock) values (?,?,?,?,?,?)
Hibernate: insert into products (category,description,image_url,name,price,stock) values (?,?,?,?,?,?)
Hibernate: insert into products (category,description,image_url,name,price,stock) values (?,?,?,?,?,?)
Hibernate: insert into product_colors (product_id,color) values (?,?)
Hibernate: insert into product_colors (product_id,color) values (?,?)
Hibernate: insert into product_colors (product_id,color) values (?,?)
Hibernate: insert into product_sizes (product_id,size) values (?,?)
Hibernate: insert into product_sizes (product_id,size) values (?,?)
Hibernate: insert into product_sizes (product_id,size) values (?,?)
Hibernate: insert into product_sizes (product_id,size) values (?,?)
Hibernate: insert into product_colors (product_id,color) values (?,?)
Hibernate: insert into product_colors (product_id,color) values (?,?)
Hibernate: insert into product_sizes (product_id,size) values (?,?)
Hibernate: insert into product_sizes (product_id,size) values (?,?)
Hibernate: insert into product_sizes (product_id,size) values (?,?)
Hibernate: insert into product_colors (product_id,color) values (?,?)
Hibernate: insert into product_colors (product_id,color) values (?,?)
Hibernate: insert into product_colors (product_id,color) values (?,?)
Hibernate: insert into product_sizes (product_id,size) values (?,?)
Hibernate: insert into product_sizes (product_id,size) values (?,?)
Hibernate: insert into product_sizes (product_id,size) values (?,?)
Hibernate: insert into product_sizes (product_id,size) values (?,?)
Hibernate: insert into product_colors (product_id,color) values (?,?)
Hibernate: insert into product_colors (product_id,color) values (?,?)
Hibernate: insert into product_colors (product_id,color) values (?,?)
Hibernate: insert into product_sizes (product_id,size) values (?,?)
Hibernate: insert into product_sizes (product_id,size) values (?,?)
Hibernate: insert into product_sizes (product_id,size) values (?,?)
Hibernate: insert into product_sizes (product_id,size) values (?,?)
Hibernate: insert into product_sizes (product_id,size) values (?,?)
Hibernate: insert into product_colors (product_id,color) values (?,?)
Hibernate: insert into product_colors (product_id,color) values (?,?)
Hibernate: insert into product_colors (product_id,color) values (?,?)
Hibernate: insert into product_sizes (product_id,size) values (?,?)
Hibernate: insert into product_sizes (product_id,size) values (?,?)
Hibernate: insert into product_sizes (product_id,size) values (?,?)
Hibernate: insert into product_sizes (product_id,size) values (?,?)
Hibernate: insert into product_colors (product_id,color) values (?,?)
Hibernate: insert into product_colors (product_id,color) values (?,?)
Hibernate: insert into product_colors (product_id,color) values (?,?)
Hibernate: insert into product_sizes (product_id,size) values (?,?)
Hibernate: insert into product_sizes (product_id,size) values (?,?)
Hibernate: insert into product_sizes (product_id,size) values (?,?)
Hibernate: insert into product_colors (product_id,color) values (?,?)
Hibernate: insert into product_colors (product_id,color) values (?,?)
Hibernate: insert into product_colors (product_id,color) values (?,?)
Hibernate: insert into product_sizes (product_id,size) values (?,?)
Hibernate: insert into product_sizes (product_id,size) values (?,?)
Hibernate: insert into product_sizes (product_id,size) values (?,?)
Hibernate: insert into product_sizes (product_id,size) values (?,?)
Hibernate: insert into product_colors (product_id,color) values (?,?)
Hibernate: insert into product_colors (product_id,color) values (?,?)
Hibernate: insert into product_colors (product_id,color) values (?,?)
Hibernate: insert into product_sizes (product_id,size) values (?,?)
Hibernate: insert into product_sizes (product_id,size) values (?,?)
Hibernate: insert into product_sizes (product_id,size) values (?,?)
Hibernate: insert into product_sizes (product_id,size) values (?,?)
Hibernate: insert into product_colors (product_id,color) values (?,?)
Hibernate: insert into product_colors (product_id,color) values (?,?)
Hibernate: insert into product_colors (product_id,color) values (?,?)
Hibernate: insert into product_sizes (product_id,size) values (?,?)
Hibernate: insert into product_sizes (product_id,size) values (?,?)
Hibernate: insert into product_sizes (product_id,size) values (?,?)
Hibernate: insert into product_sizes (product_id,size) values (?,?)
Hibernate: insert into product_sizes (product_id,size) values (?,?)
Hibernate: insert into product_colors (product_id,color) values (?,?)
Hibernate: insert into product_colors (product_id,color) values (?,?)
Hibernate: insert into product_sizes (product_id,size) values (?,?)
Hibernate: insert into product_sizes (product_id,size) values (?,?)
Hibernate: insert into product_sizes (product_id,size) values (?,?)
Hibernate: insert into product_sizes (product_id,size) values (?,?)
Hibernate: insert into product_sizes (product_id,size) values (?,?)
? Inserted 10 seed products into database.
2026-04-04T14:29:55.199+05:30  WARN 1660 --- [backend] [           main] JpaBaseConfiguration$JpaWebConfiguration : spring.jpa.open-in-view is enabled by default. Therefore, database queries may be performed during view rendering. Explicitly configure spring.jpa.open-in-view to disable this warning
2026-04-04T14:29:55.294+05:30  WARN 1660 --- [backend] [           main] .s.a.UserDetailsServiceAutoConfiguration : 

Using generated security password: 057a41dc-c60b-4db8-8fde-b2edead57323

This generated password is for development use only. Your security configuration must be updated before running your application in production.

2026-04-04T14:29:55.307+05:30  INFO 1660 --- [backend] [           main] r$InitializeUserDetailsManagerConfigurer : Global AuthenticationManager configured with UserDetailsService bean with name inMemoryUserDetailsManager
2026-04-04T14:29:55.983+05:30  INFO 1660 --- [backend] [           main] o.s.boot.tomcat.TomcatWebServer          : Tomcat started on port 8080 (http) with context path '/'
2026-04-04T14:29:56.003+05:30  INFO 1660 --- [backend] [           main] com.example.demo.BackendApplication      : Started BackendApplication in 9.503 seconds (process running for 10.169)
2026-04-04T14:30:11.746+05:30  INFO 1660 --- [backend] [nio-8080-exec-1] o.a.c.c.C.[Tomcat].[localhost].[/]       : Initializing Spring DispatcherServlet 'dispatcherServlet'
2026-04-04T14:30:11.752+05:30  INFO 1660 --- [backend] [nio-8080-exec-1] o.s.web.servlet.DispatcherServlet        : Initializing Servlet 'dispatcherServlet'
2026-04-04T14:30:11.756+05:30  INFO 1660 --- [backend] [nio-8080-exec-1] o.s.web.servlet.DispatcherServlet        : Completed initialization in 2 ms
Hibernate: select u1_0.id,u1_0.email,u1_0.full_name,u1_0.password,u1_0.role from users u1_0 where u1_0.email=?
Hibernate: select u1_0.id,u1_0.email,u1_0.full_name,u1_0.password,u1_0.role from users u1_0 where u1_0.email=?
Hibernate: select u1_0.id,u1_0.email,u1_0.full_name,u1_0.password,u1_0.role from users u1_0 where u1_0.email=?
Hibernate: select u1_0.id,u1_0.email,u1_0.full_name,u1_0.password,u1_0.role from users u1_0 where u1_0.email=?
Hibernate: insert into users (email,full_name,password,role) values (?,?,?,?)
Hibernate: select ot1_0.id,ot1_0.email,ot1_0.expiry_time,ot1_0.otp from otp_tokens ot1_0 where ot1_0.email=?
Hibernate: insert into otp_tokens (email,expiry_time,otp) values (?,?,?)
=========================================
Generated OTP for Shivangv493@gmail.com: 008201
=========================================
Hibernate: select ot1_0.id,ot1_0.email,ot1_0.expiry_time,ot1_0.otp from otp_tokens ot1_0 where ot1_0.email=? and ot1_0.otp=?
Hibernate: select ot1_0.id,ot1_0.email,ot1_0.expiry_time,ot1_0.otp from otp_tokens ot1_0 where ot1_0.email=?
Hibernate: select ot1_0.id,ot1_0.email,ot1_0.expiry_time,ot1_0.otp from otp_tokens ot1_0 where ot1_0.email=? and ot1_0.otp=?
Hibernate: select ot1_0.id,ot1_0.email,ot1_0.expiry_time,ot1_0.otp from otp_tokens ot1_0 where ot1_0.email=?
Hibernate: select ot1_0.id,ot1_0.email,ot1_0.expiry_time,ot1_0.otp from otp_tokens ot1_0 where ot1_0.email=? and ot1_0.otp=?
Hibernate: select ot1_0.id,ot1_0.email,ot1_0.expiry_time,ot1_0.otp from otp_tokens ot1_0 where ot1_0.email=?
Hibernate: select ot1_0.id,ot1_0.email,ot1_0.expiry_time,ot1_0.otp from otp_tokens ot1_0 where ot1_0.email=? and ot1_0.otp=?
Hibernate: select ot1_0.id,ot1_0.email,ot1_0.expiry_time,ot1_0.otp from otp_tokens ot1_0 where ot1_0.email=?
[INFO] ------------------------------------------------------------------------
[INFO] BUILD FAILURE
[INFO] ------------------------------------------------------------------------
[INFO] Total time:  06:09 min
[INFO] Finished at: 2026-04-04T14:35:49+05:30
[INFO] ------------------------------------------------------------------------
[ERROR] Failed to execute goal org.springframework.boot:spring-boot-maven-plugin:4.0.5:run (default-cli) on project demo: Process terminated with exit code: -1 -> [Help 1]
[ERROR] 
[ERROR] To see the full stack trace of the errors, re-run Maven with the -e switch.
[ERROR] Re-run Maven using the -X switch to enable full debug logging.
[ERROR] 
[ERROR] For more information about the errors and possible solutions, please read the following articles:
[ERROR] [Help 1] http://cwiki.apache.org/confluence/display/MAVEN/MojoExecutionException
